<?xml version="1.0" encoding="UTF-8"?>
<!-- Generated by org.testng.reporters.JUnitReportReporter -->
<testsuite hostname="ShivChindambar" name="NKpackage.NewTest1" tests="1" failures="0" timestamp="14 Sep 2018 11:26:47 GMT" time="9.150" errors="0">
  <testcase name="NewTest1" time="9.150" classname="NKpackage.NewTest1"/>
</testsuite> <!-- NKpackage.NewTest1 -->
