<?xml version="1.0" encoding="UTF-8"?>
<!-- Generated by org.testng.reporters.JUnitReportReporter -->
<testsuite hostname="ShivChindambar" name="NKpackage.NewTest" tests="1" failures="0" timestamp="14 Sep 2018 11:26:47 GMT" time="4.886" errors="0">
  <testcase name="NewTest" time="4.886" classname="NKpackage.NewTest"/>
</testsuite> <!-- NKpackage.NewTest -->
