<?xml version="1.0" encoding="UTF-8"?>
<!-- Generated by org.testng.reporters.JUnitReportReporter -->
<testsuite hostname="ShivChindambar" name="NKpackage.NewTest" tests="1" failures="0" timestamp="23 Sep 2018 07:04:42 GMT" time="3.438" errors="0">
  <testcase name="NewTest" time="3.438" classname="NKpackage.NewTest"/>
</testsuite> <!-- NKpackage.NewTest -->
