<?xml version="1.0" encoding="UTF-8"?>
<!-- Generated by org.testng.reporters.JUnitReportReporter -->
<testsuite hostname="ShivChindambar" name="NKpackage.NewTest1" tests="1" failures="0" timestamp="23 Sep 2018 07:04:42 GMT" time="86.858" errors="0">
  <testcase name="NewTest1" time="86.858" classname="NKpackage.NewTest1"/>
</testsuite> <!-- NKpackage.NewTest1 -->
